<?xml version="1.0" encoding="UTF-8"?>
<testsuite xmlns:xsi="http://www.w3.org/2001/XMLSchema-instance" xsi:noNamespaceSchemaLocation="https://maven.apache.org/surefire/maven-surefire-plugin/xsd/surefire-test-report-3.0.xsd" version="3.0" name="com.ui.runner.RunnerTest" time="17.2" tests="3" errors="0" skipped="2" failures="0">
  <properties>
[...]
</properties>
  <testcase name="Search for text 1" classname="Search" time="0.0">
    <skipped message="&apos;cucumber.filter.tags=@smoke&apos; did not match this scenario"/>
    <system-err><![CDATA[Sep 19, 2025 9:24:22 AM org.junit.platform.launcher.core.DiscoveryIssueNotifier logIssues
WARNING: TestEngine with ID 'junit-platform-suite' encountered a non-critical issue during test discovery:

(1) [WARNING] [cucumber] The classpath resource selector 'features' should not be used to select features in a package. Use the package selector with 'features' instead (via @Suite com.ui.runner.RunnerTest).
]]></system-err>
  </testcase>
  <testcase name="Search for text 3" classname="Search" time="0.0">
    <skipped message="&apos;cucumber.filter.tags=@smoke&apos; did not match this scenario"/>
  </testcase>
  <testcase name="Search for text 2" classname="Search" time="16.122">
    <system-out><![CDATA[
@smoke @all
&amp#27;[1mScenario:&amp#27;[22m Search for text 2                 &amp#27;[90m# classpath:features/search2.feature:3&amp#27;[39m
>> Starting scenario on thread ForkJoinPool-1-worker-3
Title(ForkJoinPool-1-worker-3) = Search - Microsoft Bing
  &amp#27;[32m✔&amp#27;[39m &amp#27;[32m&amp#27;[1mGiven &amp#27;[22mlaunch edge and search for text 2&amp#27;[39m &amp#27;[90m# com.ui.steps.SearchSteps.search_text_two()&amp#27;[39m
]]></system-out>
    <system-err><![CDATA[Sep 19, 2025 9:24:27 AM org.openqa.selenium.devtools.CdpVersionFinder findNearestMatch
WARNING: Unable to find an exact match for CDP version 140, returning the closest version; found: 139; Please update to a Selenium version that supports CDP version 140
]]></system-err>
  </testcase>
</testsuite>