<?xml version="1.0" encoding="UTF-8"?>
<testsuite xmlns:xsi="http://www.w3.org/2001/XMLSchema-instance" xsi:noNamespaceSchemaLocation="https://maven.apache.org/surefire/maven-surefire-plugin/xsd/surefire-test-report-3.0.xsd" version="3.0" name="com.ui.runner.RunnerTest" time="2.8" tests="6" errors="2" skipped="4" failures="0">
  <properties>
[...]
</properties>
  <testcase name="Search for text 6" classname="Search" time="0.0">
    <skipped message="&apos;cucumber.filter.tags=@smoke&apos; did not match this scenario"/>
    <system-err><![CDATA[Sep 25, 2025 8:44:21 AM org.junit.platform.launcher.core.DiscoveryIssueNotifier logIssues
WARNING: TestEngine with ID 'junit-platform-suite' encountered a non-critical issue during test discovery:

(1) [WARNING] [cucumber] The classpath resource selector 'features' should not be used to select features in a package. Use the package selector with 'features' instead (via @Suite com.ui.runner.RunnerTest).
]]></system-err>
  </testcase>
  <testcase name="Search for text 3" classname="Search" time="0.0">
    <skipped message="&apos;cucumber.filter.tags=@smoke&apos; did not match this scenario"/>
  </testcase>
  <testcase name="Search for text 1" classname="Search" time="0.0">
    <skipped message="&apos;cucumber.filter.tags=@smoke&apos; did not match this scenario"/>
  </testcase>
  <testcase name="Search for text 1" classname="Search" time="0.0">
    <skipped message="&apos;cucumber.filter.tags=@smoke&apos; did not match this scenario"/>
  </testcase>
  <testcase name="Search for text 2" classname="Search" time="1.415">
    <error message="Could not start a new session. Possible causes are invalid address of the remote server or browser start-up failure. &#10;Host info: host: &apos;DESKTOP-NTM5C1I&apos;, ip: &apos;192.168.29.163&apos;&#10;Build info: version: &apos;4.35.0&apos;, revision: &apos;1c58e5028b&apos;&#10;System info: os.name: &apos;Windows 10&apos;, os.arch: &apos;amd64&apos;, os.version: &apos;10.0&apos;, java.version: &apos;19.0.1&apos;&#10;Driver info: org.openqa.selenium.remote.RemoteWebDriver&#10;Command: [null, newSession {capabilities=[Capabilities {browserName: MicrosoftEdge, ms:edgeOptions: {args: [], extensions: []}}]}]&#10;Capabilities {browserName: MicrosoftEdge, ms:edgeOptions: {args: [], extensions: []}}" type="org.openqa.selenium.SessionNotCreatedException"><![CDATA[org.openqa.selenium.SessionNotCreatedException: 
Could not start a new session. Possible causes are invalid address of the remote server or browser start-up failure. 
Host info: host: 'DESKTOP-NTM5C1I', ip: '192.168.29.163'
Build info: version: '4.35.0', revision: '1c58e5028b'
System info: os.name: 'Windows 10', os.arch: 'amd64', os.version: '10.0', java.version: '19.0.1'
Driver info: org.openqa.selenium.remote.RemoteWebDriver
Command: [null, newSession {capabilities=[Capabilities {browserName: MicrosoftEdge, ms:edgeOptions: {args: [], extensions: []}}]}]
Capabilities {browserName: MicrosoftEdge, ms:edgeOptions: {args: [], extensions: []}}
	at org.openqa.selenium.remote.RemoteWebDriver.execute(RemoteWebDriver.java:575)
	at org.openqa.selenium.remote.RemoteWebDriver.startSession(RemoteWebDriver.java:246)
	at org.openqa.selenium.remote.RemoteWebDriver.<init>(RemoteWebDriver.java:174)
	at org.openqa.selenium.remote.RemoteWebDriver.<init>(RemoteWebDriver.java:152)
	at com.ui.hooks.Hooks.setUp(Hooks.java:41)
Caused by: java.io.UncheckedIOException: java.net.ConnectException
	at org.openqa.selenium.remote.http.jdk.JdkHttpClient.execute0(JdkHttpClient.java:500)
	at org.openqa.selenium.remote.http.AddSeleniumUserAgent.lambda$apply$0(AddSeleniumUserAgent.java:42)
	at org.openqa.selenium.remote.http.Filter.lambda$andFinally$1(Filter.java:55)
	at org.openqa.selenium.remote.http.jdk.JdkHttpClient.lambda$executeAsync$2(JdkHttpClient.java:387)
	at java.base/java.util.concurrent.Executors$RunnableAdapter.call(Executors.java:577)
	at java.base/java.util.concurrent.FutureTask.run(FutureTask.java:317)
	at java.base/java.util.concurrent.ThreadPoolExecutor.runWorker(ThreadPoolExecutor.java:1144)
	at java.base/java.util.concurrent.ThreadPoolExecutor$Worker.run(ThreadPoolExecutor.java:642)
	at java.base/java.lang.Thread.run(Thread.java:1589)
Caused by: java.net.ConnectException
	at java.net.http/jdk.internal.net.http.HttpClientImpl.send(HttpClientImpl.java:846)
	at java.net.http/jdk.internal.net.http.HttpClientFacade.send(HttpClientFacade.java:123)
	at org.openqa.selenium.remote.http.jdk.JdkHttpClient.execute0(JdkHttpClient.java:459)
	... 8 more
Caused by: java.net.ConnectException
	at java.net.http/jdk.internal.net.http.common.Utils.toConnectException(Utils.java:1045)
	at java.net.http/jdk.internal.net.http.PlainHttpConnection.connectAsync(PlainHttpConnection.java:224)
	at java.net.http/jdk.internal.net.http.PlainHttpConnection.checkRetryConnect(PlainHttpConnection.java:259)
	at java.net.http/jdk.internal.net.http.PlainHttpConnection.lambda$connectAsync$2(PlainHttpConnection.java:235)
	at java.base/java.util.concurrent.CompletableFuture.uniHandle(CompletableFuture.java:934)
	at java.base/java.util.concurrent.CompletableFuture$UniHandle.tryFire(CompletableFuture.java:911)
	at java.base/java.util.concurrent.CompletableFuture.postComplete(CompletableFuture.java:510)
	at java.base/java.util.concurrent.CompletableFuture$AsyncSupply.run(CompletableFuture.java:1773)
	... 3 more
Caused by: java.nio.channels.ClosedChannelException
	at java.base/sun.nio.ch.SocketChannelImpl.ensureOpen(SocketChannelImpl.java:202)
	at java.base/sun.nio.ch.SocketChannelImpl.beginConnect(SocketChannelImpl.java:786)
	at java.base/sun.nio.ch.SocketChannelImpl.connect(SocketChannelImpl.java:874)
	at java.net.http/jdk.internal.net.http.PlainHttpConnection.lambda$connectAsync$1(PlainHttpConnection.java:208)
	at java.base/java.security.AccessController.doPrivileged(AccessController.java:569)
	at java.net.http/jdk.internal.net.http.PlainHttpConnection.connectAsync(PlainHttpConnection.java:210)
	... 9 more
]]></error>
    <system-out><![CDATA[
@smoke @all
&amp#27;[1mScenario:&amp#27;[22m Search for text 5                 &amp#27;[90m# classpath:features/search2.feature:7&amp#27;[39m

@smoke @all
&amp#27;[1mScenario:&amp#27;[22m Search for text 2                 &amp#27;[90m# classpath:features/search2.feature:3&amp#27;[39m
>> Starting scenario on thread ForkJoinPool-1-worker-2
>> Starting scenario on thread ForkJoinPool-1-worker-3
        &amp#27;[31morg.openqa.selenium.SessionNotCreatedException: Could not start a new session. Possible causes are invalid address of the remote server or browser start-up failure. &amp#27;[39m
        &amp#27;[31mHost info: host: 'DESKTOP-NTM5C1I', ip: '192.168.29.163'&amp#27;[39m
        &amp#27;[31mBuild info: version: '4.35.0', revision: '1c58e5028b'&amp#27;[39m
        &amp#27;[31mSystem info: os.name: 'Windows 10', os.arch: 'amd64', os.version: '10.0', java.version: '19.0.1'&amp#27;[39m
        &amp#27;[31mDriver info: org.openqa.selenium.remote.RemoteWebDriver&amp#27;[39m
        &amp#27;[31mCommand: [null, newSession {capabilities=[Capabilities {browserName: MicrosoftEdge, ms:edgeOptions: {args: [], extensions: []}}]}]&amp#27;[39m
        &amp#27;[31mCapabilities {browserName: MicrosoftEdge, ms:edgeOptions: {args: [], extensions: []}}&amp#27;[39m
        &amp#27;[31m	at org.openqa.selenium.remote.RemoteWebDriver.execute(RemoteWebDriver.java:575)&amp#27;[39m
        &amp#27;[31m	at org.openqa.selenium.remote.RemoteWebDriver.startSession(RemoteWebDriver.java:246)&amp#27;[39m
        &amp#27;[31m	at org.openqa.selenium.remote.RemoteWebDriver.<init>(RemoteWebDriver.java:174)&amp#27;[39m
        &amp#27;[31m	at org.openqa.selenium.remote.RemoteWebDriver.<init>(RemoteWebDriver.java:152)&amp#27;[39m
        &amp#27;[31m	at com.ui.hooks.Hooks.setUp(Hooks.java:41)&amp#27;[39m
        &amp#27;[31mCaused by: java.io.UncheckedIOException: java.net.ConnectException&amp#27;[39m
        &amp#27;[31m	at org.openqa.selenium.remote.http.jdk.JdkHttpClient.execute0(JdkHttpClient.java:500)&amp#27;[39m
        &amp#27;[31m	at org.openqa.selenium.remote.http.AddSeleniumUserAgent.lambda$apply$0(AddSeleniumUserAgent.java:42)&amp#27;[39m
        &amp#27;[31m	at org.openqa.selenium.remote.http.Filter.lambda$andFinally$1(Filter.java:55)&amp#27;[39m
        &amp#27;[31m	at org.openqa.selenium.remote.http.jdk.JdkHttpClient.lambda$executeAsync$2(JdkHttpClient.java:387)&amp#27;[39m
        &amp#27;[31m	at java.base/java.util.concurrent.Executors$RunnableAdapter.call(Executors.java:577)&amp#27;[39m
        &amp#27;[31m	at java.base/java.util.concurrent.FutureTask.run(FutureTask.java:317)&amp#27;[39m
        &amp#27;[31m	at java.base/java.util.concurrent.ThreadPoolExecutor.runWorker(ThreadPoolExecutor.java:1144)&amp#27;[39m
        &amp#27;[31m	at java.base/java.util.concurrent.ThreadPoolExecutor$Worker.run(ThreadPoolExecutor.java:642)&amp#27;[39m
        &amp#27;[31m	at java.base/java.lang.Thread.run(Thread.java:1589)&amp#27;[39m
        &amp#27;[31mCaused by: java.net.ConnectException&amp#27;[39m
        &amp#27;[31m	at java.net.http/jdk.internal.net.http.HttpClientImpl.send(HttpClientImpl.java:846)&amp#27;[39m
        &amp#27;[31m	at java.net.http/jdk.internal.net.http.HttpClientFacade.send(HttpClientFacade.java:123)&amp#27;[39m
        &amp#27;[31m	at org.openqa.selenium.remote.http.jdk.JdkHttpClient.execute0(JdkHttpClient.java:459)&amp#27;[39m
        &amp#27;[31m	... 8 more&amp#27;[39m
        &amp#27;[31mCaused by: java.net.ConnectException&amp#27;[39m
        &amp#27;[31m	at java.net.http/jdk.internal.net.http.common.Utils.toConnectException(Utils.java:1045)&amp#27;[39m
        &amp#27;[31m	at java.net.http/jdk.internal.net.http.PlainHttpConnection.connectAsync(PlainHttpConnection.java:224)&amp#27;[39m
        &amp#27;[31m	at java.net.http/jdk.internal.net.http.PlainHttpConnection.checkRetryConnect(PlainHttpConnection.java:259)&amp#27;[39m
        &amp#27;[31m	at java.net.http/jdk.internal.net.http.PlainHttpConnection.lambda$connectAsync$2(PlainHttpConnection.java:235)&amp#27;[39m
        &amp#27;[31m	at java.base/java.util.concurrent.CompletableFuture.uniHandle(CompletableFuture.java:934)&amp#27;[39m
        &amp#27;[31m	at java.base/java.util.concurrent.CompletableFuture$UniHandle.tryFire(CompletableFuture.java:911)&amp#27;[39m
        &amp#27;[31m	at java.base/java.util.concurrent.CompletableFuture.postComplete(CompletableFuture.java:510)&amp#27;[39m
        &amp#27;[31m	at java.base/java.util.concurrent.CompletableFuture$AsyncSupply.run(CompletableFuture.java:1773)&amp#27;[39m
        &amp#27;[31m	... 3 more&amp#27;[39m
        &amp#27;[31mCaused by: java.nio.channels.ClosedChannelException&amp#27;[39m
        &amp#27;[31m	at java.base/sun.nio.ch.SocketChannelImpl.ensureOpen(SocketChannelImpl.java:202)&amp#27;[39m
        &amp#27;[31m	at java.base/sun.nio.ch.SocketChannelImpl.beginConnect(SocketChannelImpl.java:786)&amp#27;[39m
        &amp#27;[31m	at java.base/sun.nio.ch.SocketChannelImpl.connect(SocketChannelImpl.java:874)&amp#27;[39m
        &amp#27;[31m	at java.net.http/jdk.internal.net.http.PlainHttpConnection.lambda$connectAsync$1(PlainHttpConnection.java:208)&amp#27;[39m
        &amp#27;[31m	at java.base/java.security.AccessController.doPrivileged(AccessController.java:569)&amp#27;[39m
        &amp#27;[31m	at java.net.http/jdk.internal.net.http.PlainHttpConnection.connectAsync(PlainHttpConnection.java:210)&amp#27;[39m
        &amp#27;[31m	... 9 more&amp#27;[39m
  &amp#27;[36m↷&amp#27;[39m &amp#27;[36m&amp#27;[1mGiven &amp#27;[22mlaunch edge and search for text 2&amp#27;[39m &amp#27;[90m# com.ui.steps.SearchSteps.search_text_two()&amp#27;[39m
        &amp#27;[31morg.openqa.selenium.SessionNotCreatedException: Could not start a new session. Possible causes are invalid address of the remote server or browser start-up failure. &amp#27;[39m
        &amp#27;[31mHost info: host: 'DESKTOP-NTM5C1I', ip: '192.168.29.163'&amp#27;[39m
        &amp#27;[31mBuild info: version: '4.35.0', revision: '1c58e5028b'&amp#27;[39m
        &amp#27;[31mSystem info: os.name: 'Windows 10', os.arch: 'amd64', os.version: '10.0', java.version: '19.0.1'&amp#27;[39m
        &amp#27;[31mDriver info: org.openqa.selenium.remote.RemoteWebDriver&amp#27;[39m
        &amp#27;[31mCommand: [null, newSession {capabilities=[Capabilities {browserName: MicrosoftEdge, ms:edgeOptions: {args: [], extensions: []}}]}]&amp#27;[39m
        &amp#27;[31mCapabilities {browserName: MicrosoftEdge, ms:edgeOptions: {args: [], extensions: []}}&amp#27;[39m
        &amp#27;[31m	at org.openqa.selenium.remote.RemoteWebDriver.execute(RemoteWebDriver.java:575)&amp#27;[39m
        &amp#27;[31m	at org.openqa.selenium.remote.RemoteWebDriver.startSession(RemoteWebDriver.java:246)&amp#27;[39m
        &amp#27;[31m	at org.openqa.selenium.remote.RemoteWebDriver.<init>(RemoteWebDriver.java:174)&amp#27;[39m
        &amp#27;[31m	at org.openqa.selenium.remote.RemoteWebDriver.<init>(RemoteWebDriver.java:152)&amp#27;[39m
        &amp#27;[31m	at com.ui.hooks.Hooks.setUp(Hooks.java:41)&amp#27;[39m
        &amp#27;[31mCaused by: java.io.UncheckedIOException: java.net.ConnectException&amp#27;[39m
        &amp#27;[31m	at org.openqa.selenium.remote.http.jdk.JdkHttpClient.execute0(JdkHttpClient.java:500)&amp#27;[39m
        &amp#27;[31m	at org.openqa.selenium.remote.http.AddSeleniumUserAgent.lambda$apply$0(AddSeleniumUserAgent.java:42)&amp#27;[39m
        &amp#27;[31m	at org.openqa.selenium.remote.http.Filter.lambda$andFinally$1(Filter.java:55)&amp#27;[39m
        &amp#27;[31m	at org.openqa.selenium.remote.http.jdk.JdkHttpClient.lambda$executeAsync$2(JdkHttpClient.java:387)&amp#27;[39m
        &amp#27;[31m	at java.base/java.util.concurrent.Executors$RunnableAdapter.call(Executors.java:577)&amp#27;[39m
        &amp#27;[31m	at java.base/java.util.concurrent.FutureTask.run(FutureTask.java:317)&amp#27;[39m
        &amp#27;[31m	at java.base/java.util.concurrent.ThreadPoolExecutor.runWorker(ThreadPoolExecutor.java:1144)&amp#27;[39m
        &amp#27;[31m	at java.base/java.util.concurrent.ThreadPoolExecutor$Worker.run(ThreadPoolExecutor.java:642)&amp#27;[39m
        &amp#27;[31m	at java.base/java.lang.Thread.run(Thread.java:1589)&amp#27;[39m
        &amp#27;[31mCaused by: java.net.ConnectException&amp#27;[39m
        &amp#27;[31m	at java.net.http/jdk.internal.net.http.HttpClientImpl.send(HttpClientImpl.java:846)&amp#27;[39m
        &amp#27;[31m	at java.net.http/jdk.internal.net.http.HttpClientFacade.send(HttpClientFacade.java:123)&amp#27;[39m
        &amp#27;[31m	at org.openqa.selenium.remote.http.jdk.JdkHttpClient.execute0(JdkHttpClient.java:459)&amp#27;[39m
        &amp#27;[31m	... 8 more&amp#27;[39m
        &amp#27;[31mCaused by: java.net.ConnectException&amp#27;[39m
        &amp#27;[31m	at java.net.http/jdk.internal.net.http.common.Utils.toConnectException(Utils.java:1045)&amp#27;[39m
        &amp#27;[31m	at java.net.http/jdk.internal.net.http.PlainHttpConnection.connectAsync(PlainHttpConnection.java:224)&amp#27;[39m
        &amp#27;[31m	at java.net.http/jdk.internal.net.http.PlainHttpConnection.checkRetryConnect(PlainHttpConnection.java:259)&amp#27;[39m
        &amp#27;[31m	at java.net.http/jdk.internal.net.http.PlainHttpConnection.lambda$connectAsync$2(PlainHttpConnection.java:235)&amp#27;[39m
        &amp#27;[31m	at java.base/java.util.concurrent.CompletableFuture.uniHandle(CompletableFuture.java:934)&amp#27;[39m
        &amp#27;[31m	at java.base/java.util.concurrent.CompletableFuture$UniHandle.tryFire(CompletableFuture.java:911)&amp#27;[39m
        &amp#27;[31m	at java.base/java.util.concurrent.CompletableFuture.postComplete(CompletableFuture.java:510)&amp#27;[39m
        &amp#27;[31m	at java.base/java.util.concurrent.CompletableFuture$AsyncSupply.run(CompletableFuture.java:1773)&amp#27;[39m
        &amp#27;[31m	... 3 more&amp#27;[39m
        &amp#27;[31mCaused by: java.nio.channels.ClosedChannelException&amp#27;[39m
        &amp#27;[31m	at java.base/sun.nio.ch.SocketChannelImpl.ensureOpen(SocketChannelImpl.java:202)&amp#27;[39m
        &amp#27;[31m	at java.base/sun.nio.ch.SocketChannelImpl.beginConnect(SocketChannelImpl.java:786)&amp#27;[39m
        &amp#27;[31m	at java.base/sun.nio.ch.SocketChannelImpl.connect(SocketChannelImpl.java:874)&amp#27;[39m
        &amp#27;[31m	at java.net.http/jdk.internal.net.http.PlainHttpConnection.lambda$connectAsync$1(PlainHttpConnection.java:208)&amp#27;[39m
        &amp#27;[31m	at java.base/java.security.AccessController.doPrivileged(AccessController.java:569)&amp#27;[39m
        &amp#27;[31m	at java.net.http/jdk.internal.net.http.PlainHttpConnection.connectAsync(PlainHttpConnection.java:210)&amp#27;[39m
        &amp#27;[31m	... 9 more&amp#27;[39m
  &amp#27;[36m↷&amp#27;[39m &amp#27;[36m&amp#27;[1mGiven &amp#27;[22mlaunch edge and search for text 5&amp#27;[39m &amp#27;[90m# com.ui.steps.SearchSteps.search_text_five()&amp#27;[39m
]]></system-out>
    <system-err><![CDATA[Sep 25, 2025 8:44:22 AM org.openqa.selenium.remote.tracing.opentelemetry.OpenTelemetryTracer createTracer
INFO: Using OpenTelemetry for tracing
]]></system-err>
  </testcase>
  <testcase name="Search for text 5" classname="Search" time="1.448">
    <error message="Could not start a new session. Possible causes are invalid address of the remote server or browser start-up failure. &#10;Host info: host: &apos;DESKTOP-NTM5C1I&apos;, ip: &apos;192.168.29.163&apos;&#10;Build info: version: &apos;4.35.0&apos;, revision: &apos;1c58e5028b&apos;&#10;System info: os.name: &apos;Windows 10&apos;, os.arch: &apos;amd64&apos;, os.version: &apos;10.0&apos;, java.version: &apos;19.0.1&apos;&#10;Driver info: org.openqa.selenium.remote.RemoteWebDriver&#10;Command: [null, newSession {capabilities=[Capabilities {browserName: MicrosoftEdge, ms:edgeOptions: {args: [], extensions: []}}]}]&#10;Capabilities {browserName: MicrosoftEdge, ms:edgeOptions: {args: [], extensions: []}}" type="org.openqa.selenium.SessionNotCreatedException"><![CDATA[org.openqa.selenium.SessionNotCreatedException: 
Could not start a new session. Possible causes are invalid address of the remote server or browser start-up failure. 
Host info: host: 'DESKTOP-NTM5C1I', ip: '192.168.29.163'
Build info: version: '4.35.0', revision: '1c58e5028b'
System info: os.name: 'Windows 10', os.arch: 'amd64', os.version: '10.0', java.version: '19.0.1'
Driver info: org.openqa.selenium.remote.RemoteWebDriver
Command: [null, newSession {capabilities=[Capabilities {browserName: MicrosoftEdge, ms:edgeOptions: {args: [], extensions: []}}]}]
Capabilities {browserName: MicrosoftEdge, ms:edgeOptions: {args: [], extensions: []}}
	at org.openqa.selenium.remote.RemoteWebDriver.execute(RemoteWebDriver.java:575)
	at org.openqa.selenium.remote.RemoteWebDriver.startSession(RemoteWebDriver.java:246)
	at org.openqa.selenium.remote.RemoteWebDriver.<init>(RemoteWebDriver.java:174)
	at org.openqa.selenium.remote.RemoteWebDriver.<init>(RemoteWebDriver.java:152)
	at com.ui.hooks.Hooks.setUp(Hooks.java:41)
Caused by: java.io.UncheckedIOException: java.net.ConnectException
	at org.openqa.selenium.remote.http.jdk.JdkHttpClient.execute0(JdkHttpClient.java:500)
	at org.openqa.selenium.remote.http.AddSeleniumUserAgent.lambda$apply$0(AddSeleniumUserAgent.java:42)
	at org.openqa.selenium.remote.http.Filter.lambda$andFinally$1(Filter.java:55)
	at org.openqa.selenium.remote.http.jdk.JdkHttpClient.lambda$executeAsync$2(JdkHttpClient.java:387)
	at java.base/java.util.concurrent.Executors$RunnableAdapter.call(Executors.java:577)
	at java.base/java.util.concurrent.FutureTask.run(FutureTask.java:317)
	at java.base/java.util.concurrent.ThreadPoolExecutor.runWorker(ThreadPoolExecutor.java:1144)
	at java.base/java.util.concurrent.ThreadPoolExecutor$Worker.run(ThreadPoolExecutor.java:642)
	at java.base/java.lang.Thread.run(Thread.java:1589)
Caused by: java.net.ConnectException
	at java.net.http/jdk.internal.net.http.HttpClientImpl.send(HttpClientImpl.java:846)
	at java.net.http/jdk.internal.net.http.HttpClientFacade.send(HttpClientFacade.java:123)
	at org.openqa.selenium.remote.http.jdk.JdkHttpClient.execute0(JdkHttpClient.java:459)
	... 8 more
Caused by: java.net.ConnectException
	at java.net.http/jdk.internal.net.http.common.Utils.toConnectException(Utils.java:1045)
	at java.net.http/jdk.internal.net.http.PlainHttpConnection.connectAsync(PlainHttpConnection.java:224)
	at java.net.http/jdk.internal.net.http.PlainHttpConnection.checkRetryConnect(PlainHttpConnection.java:259)
	at java.net.http/jdk.internal.net.http.PlainHttpConnection.lambda$connectAsync$2(PlainHttpConnection.java:235)
	at java.base/java.util.concurrent.CompletableFuture.uniHandle(CompletableFuture.java:934)
	at java.base/java.util.concurrent.CompletableFuture$UniHandle.tryFire(CompletableFuture.java:911)
	at java.base/java.util.concurrent.CompletableFuture.postComplete(CompletableFuture.java:510)
	at java.base/java.util.concurrent.CompletableFuture$AsyncSupply.run(CompletableFuture.java:1773)
	... 3 more
Caused by: java.nio.channels.ClosedChannelException
	at java.base/sun.nio.ch.SocketChannelImpl.ensureOpen(SocketChannelImpl.java:202)
	at java.base/sun.nio.ch.SocketChannelImpl.beginConnect(SocketChannelImpl.java:786)
	at java.base/sun.nio.ch.SocketChannelImpl.connect(SocketChannelImpl.java:874)
	at java.net.http/jdk.internal.net.http.PlainHttpConnection.lambda$connectAsync$1(PlainHttpConnection.java:208)
	at java.base/java.security.AccessController.doPrivileged(AccessController.java:569)
	at java.net.http/jdk.internal.net.http.PlainHttpConnection.connectAsync(PlainHttpConnection.java:210)
	... 9 more
]]></error>
  </testcase>
</testsuite>